[00:23:16] [main/INFO] (FabricLoader/GameProvider) Loading Minecraft 1.21 with Fabric Loader 0.16.9
[00:23:16] [main/INFO] (FabricLoader) Loading 53 mods:
	- fabric-api 0.99.5+1.21
	- fabric-api-base 0.4.42+6573ed8c8b
	- fabric-api-lookup-api-v1 1.6.65+b55973448b
	- fabric-biome-api-v1 13.0.28+6fc22b998b
	- fabric-block-api-v1 1.0.22+0af3f5a78b
	- fabric-block-view-api-v2 1.0.10+6573ed8c8b
	- fabric-blockrenderlayer-v1 1.1.52+0af3f5a78b
	- fabric-client-tags-api-v1 1.1.15+6573ed8c8b
	- fabric-command-api-v1 1.2.48+f71b366f8b
	- fabric-command-api-v2 2.2.27+6a6dfa198b
	- fabric-commands-v0 0.2.65+df3654b38b
	- fabric-content-registries-v0 8.0.11+b55973448b
	- fabric-convention-tags-v1 2.0.10+7f945d5b8b
	- fabric-convention-tags-v2 2.1.5+ea7ee9688b
	- fabric-crash-report-info-v1 0.2.29+0af3f5a78b
	- fabric-data-attachment-api-v1 1.1.21+6a6dfa198b
	- fabric-data-generation-api-v1 20.2.4+b55973448b
	- fabric-dimensions-v1 4.0.0+6fc22b998b
	- fabric-entity-events-v1 1.6.12+6fc22b998b
	- fabric-events-interaction-v0 0.7.10+e633f8838b
	- fabric-game-rule-api-v1 1.0.52+6573ed8c8b
	- fabric-gametest-api-v1 2.0.0+6fc22b998b
	- fabric-item-api-v1 11.0.0+afdfc9218b
	- fabric-item-group-api-v1 4.0.43+6573ed8c8b
	- fabric-key-binding-api-v1 1.0.47+0af3f5a78b
	- fabric-keybindings-v0 0.2.45+df3654b38b
	- fabric-lifecycle-events-v1 2.3.9+98a7dbbb8b
	- fabric-loot-api-v2 3.0.9+6573ed8c8b
	- fabric-message-api-v1 6.0.13+6573ed8c8b
	- fabric-networking-api-v1 4.0.12+b55973448b
	- fabric-object-builder-api-v1 15.1.9+b55973448b
	- fabric-particles-v1 4.0.2+6573ed8c8b
	- fabric-recipe-api-v1 5.0.7+6573ed8c8b
	- fabric-registry-sync-v0 5.0.20+b9828ba38b
	- fabric-renderer-api-v1 3.2.15+b55973448b
	- fabric-renderer-indigo 1.6.2+cc9f121a8b
	- fabric-renderer-registries-v1 3.2.65+df3654b38b
	- fabric-rendering-data-attachment-v1 0.3.48+73761d2e8b
	- fabric-rendering-fluids-v1 3.1.6+b55973448b
	- fabric-rendering-v0 1.1.68+df3654b38b
	- fabric-rendering-v1 5.0.2+b55973448b
	- fabric-resource-conditions-api-v1 4.2.1+6573ed8c8b
	- fabric-resource-loader-v0 1.1.3+b55973448b
	- fabric-screen-api-v1 2.0.24+b55973448b
	- fabric-screen-handler-api-v1 1.3.77+b55973448b
	- fabric-sound-api-v1 1.0.23+6573ed8c8b
	- fabric-transfer-api-v1 5.1.12+b55973448b
	- fabric-transitive-access-wideners-v1 6.0.12+6573ed8c8b
	- fabricloader 0.16.9
	- java 21
	- messagemod 1.0.0
	- minecraft 1.21
	- mixinextras 0.4.1
[00:23:16] [main/INFO] (FabricLoader/Mixin) SpongePowered MIXIN Subsystem Version=0.8.7 Source=file:/C:/Users/nomam/.gradle/caches/modules-2/files-2.1/net.fabricmc/sponge-mixin/0.15.4+mixin.0.8.7/6a12aacc794f1078458433116e9ed42c1cc98096/sponge-mixin-0.15.4+mixin.0.8.7.jar Service=Knot/Fabric Env=CLIENT
[00:23:16] [main/INFO] (FabricLoader/Mixin) Loaded Fabric development mappings for mixin remapper!
[00:23:16] [main/INFO] (FabricLoader/Mixin) Compatibility level set to JAVA_17
[00:23:17] [main/INFO] (FabricLoader/MixinExtras|Service) Initializing MixinExtras via com.llamalad7.mixinextras.service.MixinExtrasServiceImpl(version=0.4.1).
[00:23:18] [Datafixer Bootstrap/INFO] (Minecraft) 226 Datafixer optimizations took 389 milliseconds
[00:23:23] [Render thread/INFO] (Minecraft) Environment: Environment[sessionHost=https://sessionserver.mojang.com, servicesHost=https://api.minecraftservices.com, name=PROD]
[00:23:23] [Render thread/INFO] (Minecraft) Setting user: Player210
[00:23:23] [Render thread/INFO] (messagemod) Инициализация Message Mod...
[00:23:23] [Render thread/INFO] (NetworkHandler) Регистрация обработчиков сетевых пакетов...
[00:23:23] [Render thread/INFO] (NetworkHandler) Обработчики сетевых пакетов зарегистрированы!
[00:23:23] [Render thread/INFO] (messagemod) Message Mod успешно инициализирован!
[00:23:23] [Render thread/INFO] (Indigo) [Indigo] Registering Indigo renderer!
[00:23:23] [Render thread/INFO] (messagemod-client) Инициализация клиентской части Message Mod...
[00:23:23] [Render thread/INFO] (messagemod-client) Клиентская часть Message Mod инициализирована!
[00:23:23] [Render thread/INFO] (messagemod-client) Нажмите 'M' для открытия экрана отправки сообщения
[00:23:24] [Render thread/INFO] (Minecraft) Backend library: LWJGL version 3.3.3-snapshot
[00:23:25] [Render thread/INFO] (Minecraft) Reloading ResourceManager: vanilla, fabric, fabric-api, fabric-api-base, fabric-api-lookup-api-v1, fabric-biome-api-v1, fabric-block-api-v1, fabric-block-view-api-v2, fabric-blockrenderlayer-v1, fabric-client-tags-api-v1, fabric-command-api-v1, fabric-command-api-v2, fabric-commands-v0, fabric-content-registries-v0, fabric-convention-tags-v1, fabric-convention-tags-v2, fabric-crash-report-info-v1, fabric-data-attachment-api-v1, fabric-data-generation-api-v1, fabric-dimensions-v1, fabric-entity-events-v1, fabric-events-interaction-v0, fabric-game-rule-api-v1, fabric-gametest-api-v1, fabric-item-api-v1, fabric-item-group-api-v1, fabric-key-binding-api-v1, fabric-keybindings-v0, fabric-lifecycle-events-v1, fabric-loot-api-v2, fabric-message-api-v1, fabric-networking-api-v1, fabric-object-builder-api-v1, fabric-particles-v1, fabric-recipe-api-v1, fabric-registry-sync-v0, fabric-renderer-api-v1, fabric-renderer-indigo, fabric-renderer-registries-v1, fabric-rendering-data-attachment-v1, fabric-rendering-fluids-v1, fabric-rendering-v0, fabric-rendering-v1, fabric-resource-conditions-api-v1, fabric-resource-loader-v0, fabric-screen-api-v1, fabric-screen-handler-api-v1, fabric-sound-api-v1, fabric-transfer-api-v1, fabric-transitive-access-wideners-v1, fabricloader, messagemod
[00:23:25] [Worker-Main-5/INFO] (Minecraft) Found unifont_all_no_pua-15.1.05.hex, loading
[00:23:25] [Worker-Main-1/INFO] (Minecraft) Found unifont_jp_patch-15.1.05.hex, loading
[00:23:26] [Render thread/WARN] (Minecraft) Missing sound for event: minecraft:item.goat_horn.play
[00:23:26] [Render thread/WARN] (Minecraft) Missing sound for event: minecraft:entity.goat.screaming.horn_break
[00:23:26] [Render thread/INFO] (Minecraft) OpenAL initialized on device OpenAL Soft on Headphones (H878 USB Gaming Headset)
[00:23:26] [Render thread/INFO] (Minecraft) Sound engine started
[00:23:26] [Render thread/INFO] (Minecraft) Created: 1024x512x4 minecraft:textures/atlas/blocks.png-atlas
[00:23:26] [Render thread/INFO] (Minecraft) Created: 256x256x4 minecraft:textures/atlas/signs.png-atlas
[00:23:26] [Render thread/INFO] (Minecraft) Created: 512x512x4 minecraft:textures/atlas/shield_patterns.png-atlas
[00:23:26] [Render thread/INFO] (Minecraft) Created: 512x512x4 minecraft:textures/atlas/banner_patterns.png-atlas
[00:23:26] [Render thread/INFO] (Minecraft) Created: 1024x1024x4 minecraft:textures/atlas/armor_trims.png-atlas
[00:23:26] [Render thread/INFO] (Minecraft) Created: 128x64x4 minecraft:textures/atlas/decorated_pot.png-atlas
[00:23:26] [Render thread/INFO] (Minecraft) Created: 256x256x4 minecraft:textures/atlas/chest.png-atlas
[00:23:26] [Render thread/INFO] (Minecraft) Created: 512x256x4 minecraft:textures/atlas/shulker_boxes.png-atlas
[00:23:26] [Render thread/INFO] (Minecraft) Created: 512x256x4 minecraft:textures/atlas/beds.png-atlas
[00:23:27] [Render thread/INFO] (Minecraft) Created: 512x256x0 minecraft:textures/atlas/particles.png-atlas
[00:23:27] [Render thread/INFO] (Minecraft) Created: 512x256x0 minecraft:textures/atlas/paintings.png-atlas
[00:23:27] [Render thread/INFO] (Minecraft) Created: 256x128x0 minecraft:textures/atlas/mob_effects.png-atlas
[00:23:27] [Render thread/INFO] (Minecraft) Created: 64x64x0 minecraft:textures/atlas/map_decorations.png-atlas
[00:23:27] [Render thread/INFO] (Minecraft) Created: 1024x512x0 minecraft:textures/atlas/gui.png-atlas
[00:23:27] [Render thread/WARN] (Minecraft) Shader rendertype_entity_translucent_emissive could not find sampler named Sampler2 in the specified shader program.
[00:23:33] [Render thread/INFO] (Minecraft) Loaded 1290 recipes
[00:23:34] [Render thread/INFO] (Minecraft) Loaded 1399 advancements
[00:23:34] [Render thread/INFO] (BiomeModificationImpl) Applied 0 biome modifications to 0 of 64 new biomes in 1.608 ms
[00:23:34] [Server thread/INFO] (messagemod) Сервер запускается, инициализация базы данных...
[00:23:34] [Server thread/INFO] (DatabaseManager) Инициализация подключения к базе данных...
[00:23:34] [Server thread/WARN] (AggregatedServiceLoader) HHH000505: Ignoring ServiceConfigurationError caught while trying to instantiate service 'interface org.hibernate.boot.registry.selector.StrategyRegistrationProvider'.
java.util.ServiceConfigurationError: org.hibernate.boot.registry.selector.StrategyRegistrationProvider: org.hibernate.hikaricp.internal.StrategyRegistrationProviderImpl not a subtype
	at java.base/java.util.ServiceLoader.fail(ServiceLoader.java:593) ~[?:?]
	at java.base/java.util.ServiceLoader$LazyClassPathLookupIterator.hasNextService(ServiceLoader.java:1244) ~[?:?]
	at java.base/java.util.ServiceLoader$LazyClassPathLookupIterator.hasNext(ServiceLoader.java:1273) ~[?:?]
	at java.base/java.util.ServiceLoader$2.hasNext(ServiceLoader.java:1309) ~[?:?]
	at java.base/java.util.ServiceLoader$ProviderSpliterator.tryAdvance(ServiceLoader.java:1491) ~[?:?]
	at java.base/java.util.Spliterators$1Adapter.hasNext(Spliterators.java:681) ~[?:?]
	at knot/org.hibernate.boot.registry.classloading.internal.AggregatedServiceLoader$ClassPathAndModulePathAggregatedServiceLoader.hasNextIgnoringServiceConfigurationError(AggregatedServiceLoader.java:155) ~[hibernate-core-6.4.1.Final.jar:?]
	at knot/org.hibernate.boot.registry.classloading.internal.AggregatedServiceLoader$ClassPathAndModulePathAggregatedServiceLoader.loadAll(AggregatedServiceLoader.java:143) ~[hibernate-core-6.4.1.Final.jar:?]
	at knot/org.hibernate.boot.registry.classloading.internal.AggregatedServiceLoader$ClassPathAndModulePathAggregatedServiceLoader.getAll(AggregatedServiceLoader.java:112) ~[hibernate-core-6.4.1.Final.jar:?]
	at knot/org.hibernate.boot.registry.classloading.internal.ClassLoaderServiceImpl.loadJavaServices(ClassLoaderServiceImpl.java:241) ~[hibernate-core-6.4.1.Final.jar:?]
	at knot/org.hibernate.boot.registry.selector.internal.StrategySelectorBuilder.buildSelector(StrategySelectorBuilder.java:132) ~[hibernate-core-6.4.1.Final.jar:?]
	at knot/org.hibernate.boot.registry.BootstrapServiceRegistryBuilder.build(BootstrapServiceRegistryBuilder.java:198) ~[hibernate-core-6.4.1.Final.jar:?]
	at knot/org.hibernate.cfg.Configuration.<init>(Configuration.java:174) ~[hibernate-core-6.4.1.Final.jar:?]
	at knot/com.example.messagemod.database.DatabaseManager.initialize(DatabaseManager.java:30) ~[main/:?]
	at knot/com.example.messagemod.MessageMod.lambda$onInitialize$0(MessageMod.java:25) ~[main/:?]
	at knot/net.fabricmc.fabric.api.event.lifecycle.v1.ServerLifecycleEvents.lambda$static$0(ServerLifecycleEvents.java:38) ~[fabric-lifecycle-events-v1-2.3.9+98a7dbbb8b.jar:?]
	at knot/net.minecraft.server.MinecraftServer.handler$zmd000$fabric-lifecycle-events-v1$beforeSetupServer(MinecraftServer.java:4137) ~[minecraft-merged-a81e3469c1-1.21-net.fabricmc.yarn.1_21.1.21+build.9-v2.jar:?]
	at knot/net.minecraft.server.MinecraftServer.runServer(MinecraftServer.java:664) ~[minecraft-merged-a81e3469c1-1.21-net.fabricmc.yarn.1_21.1.21+build.9-v2.jar:?]
	at knot/net.minecraft.server.MinecraftServer.method_29739(MinecraftServer.java:281) ~[minecraft-merged-a81e3469c1-1.21-net.fabricmc.yarn.1_21.1.21+build.9-v2.jar:?]
	at java.base/java.lang.Thread.run(Thread.java:1583) [?:?]
[00:23:34] [Server thread/INFO] (Version) HHH000412: Hibernate ORM core version [WORKING]
[00:23:34] [Server thread/WARN] (AggregatedServiceLoader) HHH000505: Ignoring ServiceConfigurationError caught while trying to instantiate service 'interface org.hibernate.boot.registry.selector.StrategyRegistrationProvider'.
java.util.ServiceConfigurationError: org.hibernate.boot.registry.selector.StrategyRegistrationProvider: org.hibernate.hikaricp.internal.StrategyRegistrationProviderImpl not a subtype
	at java.base/java.util.ServiceLoader.fail(ServiceLoader.java:593) ~[?:?]
	at java.base/java.util.ServiceLoader$LazyClassPathLookupIterator.hasNextService(ServiceLoader.java:1244) ~[?:?]
	at java.base/java.util.ServiceLoader$LazyClassPathLookupIterator.hasNext(ServiceLoader.java:1273) ~[?:?]
	at java.base/java.util.ServiceLoader$2.hasNext(ServiceLoader.java:1309) ~[?:?]
	at java.base/java.util.ServiceLoader$ProviderSpliterator.tryAdvance(ServiceLoader.java:1491) ~[?:?]
	at java.base/java.util.Spliterators$1Adapter.hasNext(Spliterators.java:681) ~[?:?]
	at knot/org.hibernate.boot.registry.classloading.internal.AggregatedServiceLoader$ClassPathAndModulePathAggregatedServiceLoader.hasNextIgnoringServiceConfigurationError(AggregatedServiceLoader.java:155) ~[hibernate-core-6.4.1.Final.jar:?]
	at knot/org.hibernate.boot.registry.classloading.internal.AggregatedServiceLoader$ClassPathAndModulePathAggregatedServiceLoader.loadAll(AggregatedServiceLoader.java:143) ~[hibernate-core-6.4.1.Final.jar:?]
	at knot/org.hibernate.boot.registry.classloading.internal.AggregatedServiceLoader$ClassPathAndModulePathAggregatedServiceLoader.getAll(AggregatedServiceLoader.java:112) ~[hibernate-core-6.4.1.Final.jar:?]
	at knot/org.hibernate.boot.registry.classloading.internal.ClassLoaderServiceImpl.loadJavaServices(ClassLoaderServiceImpl.java:241) ~[hibernate-core-6.4.1.Final.jar:?]
	at knot/org.hibernate.boot.registry.selector.internal.StrategySelectorBuilder.buildSelector(StrategySelectorBuilder.java:132) ~[hibernate-core-6.4.1.Final.jar:?]
	at knot/org.hibernate.boot.registry.BootstrapServiceRegistryBuilder.build(BootstrapServiceRegistryBuilder.java:198) ~[hibernate-core-6.4.1.Final.jar:?]
	at knot/org.hibernate.boot.registry.StandardServiceRegistryBuilder.<init>(StandardServiceRegistryBuilder.java:96) ~[hibernate-core-6.4.1.Final.jar:?]
	at knot/com.example.messagemod.database.DatabaseManager.initialize(DatabaseManager.java:36) ~[main/:?]
	at knot/com.example.messagemod.MessageMod.lambda$onInitialize$0(MessageMod.java:25) ~[main/:?]
	at knot/net.fabricmc.fabric.api.event.lifecycle.v1.ServerLifecycleEvents.lambda$static$0(ServerLifecycleEvents.java:38) ~[fabric-lifecycle-events-v1-2.3.9+98a7dbbb8b.jar:?]
	at knot/net.minecraft.server.MinecraftServer.handler$zmd000$fabric-lifecycle-events-v1$beforeSetupServer(MinecraftServer.java:4137) ~[minecraft-merged-a81e3469c1-1.21-net.fabricmc.yarn.1_21.1.21+build.9-v2.jar:?]
	at knot/net.minecraft.server.MinecraftServer.runServer(MinecraftServer.java:664) ~[minecraft-merged-a81e3469c1-1.21-net.fabricmc.yarn.1_21.1.21+build.9-v2.jar:?]
	at knot/net.minecraft.server.MinecraftServer.method_29739(MinecraftServer.java:281) ~[minecraft-merged-a81e3469c1-1.21-net.fabricmc.yarn.1_21.1.21+build.9-v2.jar:?]
	at java.base/java.lang.Thread.run(Thread.java:1583) [?:?]
[00:23:34] [Server thread/INFO] (RegionFactoryInitiator) HHH000026: Second-level cache disabled
[00:23:34] [Server thread/INFO] (ConnectionProviderInitiator) HHH000130: Instantiating explicit connection provider: org.hibernate.hikaricp.internal.HikariCPConnectionProvider
[00:23:34] [Server thread/INFO] (HikariDataSource) HikariPool-1 - Starting...
[00:23:35] [Server thread/INFO] (HikariPool) HikariPool-1 - Added connection org.postgresql.jdbc.PgConnection@356731e5
[00:23:35] [Server thread/INFO] (HikariDataSource) HikariPool-1 - Start completed.
[00:23:35] [Server thread/WARN] (deprecation) HHH90000025: PostgreSQLDialect does not need to be specified explicitly using 'hibernate.dialect' (remove the property setting and it will be selected by default)
[00:23:36] [Server thread/INFO] (JtaPlatformInitiator) HHH000489: No JTA platform available (set 'hibernate.transaction.jta.platform' to enable JTA platform integration)
[00:23:36] [Server thread/INFO] (Minecraft) [STDOUT]: Hibernate: 
    alter table if exists messages 
       alter column id set data type bigint
[00:23:36] [Server thread/INFO] (DatabaseManager) SessionFactory успешно создана!
[00:23:36] [Server thread/INFO] (Minecraft) [STDOUT]: Hibernate: 
    SELECT
        1
[00:23:36] [Server thread/INFO] (MessageRepository) Подключение к базе данных успешно!
[00:23:36] [Server thread/INFO] (messagemod) База данных готова к работе!
[00:23:36] [Server thread/INFO] (Minecraft) Starting integrated minecraft server version 1.21
[00:23:36] [Server thread/INFO] (Minecraft) Generating keypair
[00:23:37] [Server thread/INFO] (Minecraft) Preparing start region for dimension minecraft:overworld
[00:23:37] [Render thread/INFO] (Minecraft) Preparing spawn area: 0%
[00:23:37] [Render thread/INFO] (Minecraft) Time elapsed: 389 ms
[00:23:37] [Server thread/INFO] (Minecraft) Changing view distance to 12, from 10
[00:23:37] [Server thread/INFO] (Minecraft) Changing simulation distance to 12, from 0
[00:23:38] [Server thread/INFO] (Minecraft) Player210[local:E:69e90518] logged in with entity id 113 at (-3.6546609744311516, 81.0, -0.5127776987026174)
[00:23:38] [Server thread/INFO] (Minecraft) Player210 joined the game
[00:23:38] [Render thread/INFO] (Minecraft) Loaded 2 advancements
[00:23:44] [Render thread/INFO] (MessageScreen) Отправка сообщения на сервер: dwa
[00:23:44] [Server thread/INFO] (NetworkHandler) Получено сообщение от игрока Player210: dwa
[00:23:44] [Server thread/INFO] (Minecraft) [STDOUT]: Hibernate: 
    insert 
    into
        messages
        (text, uuid) 
    values
        (?, ?)
[00:23:44] [Server thread/INFO] (MessageRepository) Сообщение успешно сохранено: MessageEntity{id=1, uuid=66157e7a-53e0-3299-9208-7674efd706f9, text='dwa'}
[00:23:44] [Render thread/INFO] (Minecraft) [System] [CHAT] §aСообщение успешно сохранено в базе данных!
[00:23:46] [Server thread/INFO] (Minecraft) Saving and pausing game...
[00:23:46] [Server thread/INFO] (Minecraft) Saving chunks for level 'ServerLevel[New World]'/minecraft:overworld
[00:23:46] [Server thread/INFO] (Minecraft) Saving chunks for level 'ServerLevel[New World]'/minecraft:the_end
[00:23:46] [Server thread/INFO] (Minecraft) Saving chunks for level 'ServerLevel[New World]'/minecraft:the_nether
[00:23:51] [Server thread/INFO] (Minecraft) Saving and pausing game...
[00:23:51] [Server thread/INFO] (Minecraft) Saving chunks for level 'ServerLevel[New World]'/minecraft:overworld
[00:23:51] [Server thread/INFO] (Minecraft) Saving chunks for level 'ServerLevel[New World]'/minecraft:the_end
[00:23:51] [Server thread/INFO] (Minecraft) Saving chunks for level 'ServerLevel[New World]'/minecraft:the_nether
[00:24:13] [Server thread/INFO] (Minecraft) Saving and pausing game...
[00:24:13] [Server thread/INFO] (Minecraft) Saving chunks for level 'ServerLevel[New World]'/minecraft:overworld
[00:24:13] [Server thread/INFO] (Minecraft) Saving chunks for level 'ServerLevel[New World]'/minecraft:the_end
[00:24:13] [Server thread/INFO] (Minecraft) Saving chunks for level 'ServerLevel[New World]'/minecraft:the_nether
[00:24:17] [Render thread/INFO] (Minecraft) [System] [CHAT] Saved screenshot as 2025-11-01_00.24.17.png
[00:24:23] [Server thread/INFO] (Minecraft) Saving and pausing game...
[00:24:23] [Server thread/INFO] (Minecraft) Saving chunks for level 'ServerLevel[New World]'/minecraft:overworld
[00:24:23] [Server thread/INFO] (Minecraft) Saving chunks for level 'ServerLevel[New World]'/minecraft:the_end
[00:24:23] [Server thread/INFO] (Minecraft) Saving chunks for level 'ServerLevel[New World]'/minecraft:the_nether
[00:28:39] [Render thread/INFO] (Minecraft) Stopping!
[00:28:39] [Server thread/INFO] (Minecraft) Player210 lost connection: Disconnected
[00:28:39] [Server thread/INFO] (Minecraft) Player210 left the game
[00:28:39] [Server thread/INFO] (Minecraft) Stopping singleplayer server as player logged out
[00:28:39] [Server thread/INFO] (messagemod) Сервер останавливается, закрытие подключения к БД...
[00:28:39] [Server thread/INFO] (DatabaseManager) Закрытие подключения к базе данных...
[00:28:39] [Server thread/INFO] (HikariDataSource) HikariPool-1 - Shutdown initiated...
[00:28:39] [Server thread/INFO] (HikariDataSource) HikariPool-1 - Shutdown completed.
[00:28:39] [Server thread/INFO] (DatabaseManager) База данных закрыта.
[00:28:39] [Server thread/INFO] (Minecraft) Stopping server
[00:28:39] [Server thread/INFO] (Minecraft) Saving players
[00:28:39] [Server thread/INFO] (Minecraft) Saving worlds
[00:28:39] [Server thread/INFO] (Minecraft) Saving chunks for level 'ServerLevel[New World]'/minecraft:overworld
[00:28:39] [Server thread/INFO] (Minecraft) Saving chunks for level 'ServerLevel[New World]'/minecraft:the_end
[00:28:39] [Server thread/INFO] (Minecraft) Saving chunks for level 'ServerLevel[New World]'/minecraft:the_nether
[00:28:39] [Server thread/INFO] (Minecraft) ThreadedAnvilChunkStorage (New World): All chunks are saved
[00:28:39] [Server thread/INFO] (Minecraft) ThreadedAnvilChunkStorage (DIM1): All chunks are saved
[00:28:39] [Server thread/INFO] (Minecraft) ThreadedAnvilChunkStorage (DIM-1): All chunks are saved
[00:28:39] [Server thread/INFO] (Minecraft) ThreadedAnvilChunkStorage: All dimensions are saved
